<?xml version="1.0" encoding="UTF-8"?>
<testsuite xmlns:xsi="http://www.w3.org/2001/XMLSchema-instance" xsi:noNamespaceSchemaLocation="https://maven.apache.org/surefire/maven-surefire-plugin/xsd/surefire-test-report-3.0.xsd" version="3.0" name="com.xashytech.university.service.StudentServiceTest" time="0.353" tests="14" errors="0" skipped="0" failures="0">
  <properties>
    <property name="java.specification.version" value="17"/>
    <property name="sun.jnu.encoding" value="UTF-8"/>
    <property name="java.class.path" value="/Users/jay/Documents/repos/student-portal/target/test-classes:/Users/jay/Documents/repos/student-portal/target/classes:/Users/jay/.m2/repository/org/springframework/spring-webmvc/5.3.21/spring-webmvc-5.3.21.jar:/Users/jay/.m2/repository/org/springframework/spring-aop/5.3.21/spring-aop-5.3.21.jar:/Users/jay/.m2/repository/org/springframework/spring-beans/5.3.21/spring-beans-5.3.21.jar:/Users/jay/.m2/repository/org/springframework/spring-context/5.3.21/spring-context-5.3.21.jar:/Users/jay/.m2/repository/org/springframework/spring-core/5.3.21/spring-core-5.3.21.jar:/Users/jay/.m2/repository/org/springframework/spring-jcl/5.3.21/spring-jcl-5.3.21.jar:/Users/jay/.m2/repository/org/springframework/spring-expression/5.3.21/spring-expression-5.3.21.jar:/Users/jay/.m2/repository/org/springframework/spring-web/5.3.21/spring-web-5.3.21.jar:/Users/jay/.m2/repository/org/springframework/spring-jdbc/5.3.21/spring-jdbc-5.3.21.jar:/Users/jay/.m2/repository/org/springframework/spring-tx/5.3.21/spring-tx-5.3.21.jar:/Users/jay/.m2/repository/javax/servlet/javax.servlet-api/4.0.1/javax.servlet-api-4.0.1.jar:/Users/jay/.m2/repository/javax/servlet/jstl/1.2/jstl-1.2.jar:/Users/jay/.m2/repository/com/mysql/mysql-connector-j/8.0.33/mysql-connector-j-8.0.33.jar:/Users/jay/.m2/repository/com/google/protobuf/protobuf-java/3.21.9/protobuf-java-3.21.9.jar:/Users/jay/.m2/repository/com/h2database/h2/2.1.214/h2-2.1.214.jar:/Users/jay/.m2/repository/junit/junit/4.13.2/junit-4.13.2.jar:/Users/jay/.m2/repository/org/hamcrest/hamcrest-core/1.3/hamcrest-core-1.3.jar:/Users/jay/.m2/repository/org/mockito/mockito-core/4.6.1/mockito-core-4.6.1.jar:/Users/jay/.m2/repository/net/bytebuddy/byte-buddy/1.12.10/byte-buddy-1.12.10.jar:/Users/jay/.m2/repository/net/bytebuddy/byte-buddy-agent/1.12.10/byte-buddy-agent-1.12.10.jar:/Users/jay/.m2/repository/org/objenesis/objenesis/3.2/objenesis-3.2.jar:/Users/jay/.m2/repository/org/springframework/spring-test/5.3.21/spring-test-5.3.21.jar:/Users/jay/.m2/repository/com/fasterxml/jackson/core/jackson-databind/2.13.3/jackson-databind-2.13.3.jar:/Users/jay/.m2/repository/com/fasterxml/jackson/core/jackson-annotations/2.13.3/jackson-annotations-2.13.3.jar:/Users/jay/.m2/repository/com/fasterxml/jackson/core/jackson-core/2.13.3/jackson-core-2.13.3.jar:"/>
    <property name="java.vm.vendor" value="Homebrew"/>
    <property name="sun.arch.data.model" value="64"/>
    <property name="java.vendor.url" value="https://github.com/Homebrew/homebrew-core/issues"/>
    <property name="os.name" value="Mac OS X"/>
    <property name="java.vm.specification.version" value="17"/>
    <property name="sun.java.launcher" value="SUN_STANDARD"/>
    <property name="user.country" value="US"/>
    <property name="sun.boot.library.path" value="/opt/homebrew/Cellar/openjdk@17/17.0.16/libexec/openjdk.jdk/Contents/Home/lib"/>
    <property name="sun.java.command" value="/Users/jay/Documents/repos/student-portal/target/surefire/surefirebooter-20250910134800769_3.jar /Users/jay/Documents/repos/student-portal/target/surefire 2025-09-10T13-48-00_449-jvmRun1 surefire-20250910134800769_1tmp surefire_0-20250910134800769_2tmp"/>
    <property name="http.nonProxyHosts" value="local|*.local|169.254/16|*.169.254/16"/>
    <property name="jdk.debug" value="release"/>
    <property name="surefire.test.class.path" value="/Users/jay/Documents/repos/student-portal/target/test-classes:/Users/jay/Documents/repos/student-portal/target/classes:/Users/jay/.m2/repository/org/springframework/spring-webmvc/5.3.21/spring-webmvc-5.3.21.jar:/Users/jay/.m2/repository/org/springframework/spring-aop/5.3.21/spring-aop-5.3.21.jar:/Users/jay/.m2/repository/org/springframework/spring-beans/5.3.21/spring-beans-5.3.21.jar:/Users/jay/.m2/repository/org/springframework/spring-context/5.3.21/spring-context-5.3.21.jar:/Users/jay/.m2/repository/org/springframework/spring-core/5.3.21/spring-core-5.3.21.jar:/Users/jay/.m2/repository/org/springframework/spring-jcl/5.3.21/spring-jcl-5.3.21.jar:/Users/jay/.m2/repository/org/springframework/spring-expression/5.3.21/spring-expression-5.3.21.jar:/Users/jay/.m2/repository/org/springframework/spring-web/5.3.21/spring-web-5.3.21.jar:/Users/jay/.m2/repository/org/springframework/spring-jdbc/5.3.21/spring-jdbc-5.3.21.jar:/Users/jay/.m2/repository/org/springframework/spring-tx/5.3.21/spring-tx-5.3.21.jar:/Users/jay/.m2/repository/javax/servlet/javax.servlet-api/4.0.1/javax.servlet-api-4.0.1.jar:/Users/jay/.m2/repository/javax/servlet/jstl/1.2/jstl-1.2.jar:/Users/jay/.m2/repository/com/mysql/mysql-connector-j/8.0.33/mysql-connector-j-8.0.33.jar:/Users/jay/.m2/repository/com/google/protobuf/protobuf-java/3.21.9/protobuf-java-3.21.9.jar:/Users/jay/.m2/repository/com/h2database/h2/2.1.214/h2-2.1.214.jar:/Users/jay/.m2/repository/junit/junit/4.13.2/junit-4.13.2.jar:/Users/jay/.m2/repository/org/hamcrest/hamcrest-core/1.3/hamcrest-core-1.3.jar:/Users/jay/.m2/repository/org/mockito/mockito-core/4.6.1/mockito-core-4.6.1.jar:/Users/jay/.m2/repository/net/bytebuddy/byte-buddy/1.12.10/byte-buddy-1.12.10.jar:/Users/jay/.m2/repository/net/bytebuddy/byte-buddy-agent/1.12.10/byte-buddy-agent-1.12.10.jar:/Users/jay/.m2/repository/org/objenesis/objenesis/3.2/objenesis-3.2.jar:/Users/jay/.m2/repository/org/springframework/spring-test/5.3.21/spring-test-5.3.21.jar:/Users/jay/.m2/repository/com/fasterxml/jackson/core/jackson-databind/2.13.3/jackson-databind-2.13.3.jar:/Users/jay/.m2/repository/com/fasterxml/jackson/core/jackson-annotations/2.13.3/jackson-annotations-2.13.3.jar:/Users/jay/.m2/repository/com/fasterxml/jackson/core/jackson-core/2.13.3/jackson-core-2.13.3.jar:"/>
    <property name="sun.cpu.endian" value="little"/>
    <property name="user.home" value="/Users/jay"/>
    <property name="user.language" value="en"/>
    <property name="java.specification.vendor" value="Oracle Corporation"/>
    <property name="java.version.date" value="2025-07-15"/>
    <property name="java.home" value="/opt/homebrew/Cellar/openjdk@17/17.0.16/libexec/openjdk.jdk/Contents/Home"/>
    <property name="file.separator" value="/"/>
    <property name="basedir" value="/Users/jay/Documents/repos/student-portal"/>
    <property name="java.vm.compressedOopsMode" value="Zero based"/>
    <property name="line.separator" value="&#10;"/>
    <property name="java.specification.name" value="Java Platform API Specification"/>
    <property name="java.vm.specification.vendor" value="Oracle Corporation"/>
    <property name="surefire.real.class.path" value="/Users/jay/Documents/repos/student-portal/target/surefire/surefirebooter-20250910134800769_3.jar"/>
    <property name="sun.management.compiler" value="HotSpot 64-Bit Tiered Compilers"/>
    <property name="ftp.nonProxyHosts" value="local|*.local|169.254/16|*.169.254/16"/>
    <property name="java.runtime.version" value="17.0.16+0"/>
    <property name="user.name" value="jay"/>
    <property name="path.separator" value=":"/>
    <property name="os.version" value="14.7.2"/>
    <property name="java.runtime.name" value="OpenJDK Runtime Environment"/>
    <property name="file.encoding" value="UTF-8"/>
    <property name="java.vm.name" value="OpenJDK 64-Bit Server VM"/>
    <property name="java.vendor.version" value="Homebrew"/>
    <property name="localRepository" value="/Users/jay/.m2/repository"/>
    <property name="java.vendor.url.bug" value="https://github.com/Homebrew/homebrew-core/issues"/>
    <property name="java.io.tmpdir" value="/var/folders/cd/wl9mdk3n6qg69jwh0jfc1qs40000gn/T/"/>
    <property name="java.version" value="17.0.16"/>
    <property name="user.dir" value="/Users/jay/Documents/repos/student-portal"/>
    <property name="os.arch" value="aarch64"/>
    <property name="java.vm.specification.name" value="Java Virtual Machine Specification"/>
    <property name="native.encoding" value="UTF-8"/>
    <property name="java.library.path" value="/Users/jay/Library/Java/Extensions:/Library/Java/Extensions:/Network/Library/Java/Extensions:/System/Library/Java/Extensions:/usr/lib/java:."/>
    <property name="java.vm.info" value="mixed mode, sharing"/>
    <property name="java.vendor" value="Homebrew"/>
    <property name="java.vm.version" value="17.0.16+0"/>
    <property name="java.specification.maintenance.version" value="1"/>
    <property name="sun.io.unicode.encoding" value="UnicodeBig"/>
    <property name="socksNonProxyHosts" value="local|*.local|169.254/16|*.169.254/16"/>
    <property name="java.class.version" value="61.0"/>
  </properties>
  <testcase name="testSaveStudent_Success" classname="com.xashytech.university.service.StudentServiceTest" time="0.084"/>
  <testcase name="testDeleteStudent_NotFound" classname="com.xashytech.university.service.StudentServiceTest" time="0.001"/>
  <testcase name="testUpdateStudent_NotFound" classname="com.xashytech.university.service.StudentServiceTest" time="0.001"/>
  <testcase name="testSaveStudent_DuplicateEmail" classname="com.xashytech.university.service.StudentServiceTest" time="0"/>
  <testcase name="testGetStudentsByProgram" classname="com.xashytech.university.service.StudentServiceTest" time="0.001"/>
  <testcase name="testGetAllStudents" classname="com.xashytech.university.service.StudentServiceTest" time="0.001"/>
  <testcase name="testDeleteStudent_Success" classname="com.xashytech.university.service.StudentServiceTest" time="0"/>
  <testcase name="testGetStudentById" classname="com.xashytech.university.service.StudentServiceTest" time="0"/>
  <testcase name="testSaveStudent_DuplicateStudentId" classname="com.xashytech.university.service.StudentServiceTest" time="0.001"/>
  <testcase name="testStudentValidation_Invalid" classname="com.xashytech.university.service.StudentServiceTest" time="0"/>
  <testcase name="testGetActiveStudents" classname="com.xashytech.university.service.StudentServiceTest" time="0.001"/>
  <testcase name="testGetStatistics" classname="com.xashytech.university.service.StudentServiceTest" time="0.002"/>
  <testcase name="testSearchStudentsByName" classname="com.xashytech.university.service.StudentServiceTest" time="0.003"/>
  <testcase name="testUpdateStudent_Success" classname="com.xashytech.university.service.StudentServiceTest" time="0.001"/>
</testsuite>